<?xml version="1.0" encoding="UTF-8"?>
<!-- Generated by org.testng.reporters.JUnitReportReporter -->
<testsuite hostname="ip-172-31-19-240" failures="0" tests="1" name="testproject.Test1" time="8.058" errors="0" timestamp="2023-01-03T11:43:49 UTC" skipped="0">
  <testcase classname="testproject.Test1" name="HomepageTest" time="8.058"/>
  <system-out/>
</testsuite> <!-- testproject.Test1 -->
